[33m09-05 16:35:05.700[0;39m |[1;31mERROR[0;39m |[34mmain[0;39m |[34morg.springframework.boot.SpringApplication:822[0;39m |[36mApplication run failed
[0;39morg.springframework.beans.factory.BeanCreationException: Error creating bean with name 'redisConnectionFactory' defined in class path resource [org/springframework/boot/autoconfigure/data/redis/LettuceConnectionConfiguration.class]: Bean instantiation via factory method failed; nested exception is org.springframework.beans.BeanInstantiationException: Failed to instantiate [org.springframework.data.redis.connection.lettuce.LettuceConnectionFactory]: Factory method 'redisConnectionFactory' threw exception; nested exception is java.lang.NoClassDefFoundError: org/apache/commons/pool2/impl/GenericObjectPoolConfig
	at org.springframework.beans.factory.support.ConstructorResolver.instantiate(ConstructorResolver.java:627)
	at org.springframework.beans.factory.support.ConstructorResolver.instantiateUsingFactoryMethod(ConstructorResolver.java:607)
	at org.springframework.beans.factory.support.AbstractAutowireCapableBeanFactory.instantiateUsingFactoryMethod(AbstractAutowireCapableBeanFactory.java:1321)
	at org.springframework.beans.factory.support.AbstractAutowireCapableBeanFactory.createBeanInstance(AbstractAutowireCapableBeanFactory.java:1160)
	at org.springframework.beans.factory.support.AbstractAutowireCapableBeanFactory.doCreateBean(AbstractAutowireCapableBeanFactory.java:555)
	at org.springframework.beans.factory.support.AbstractAutowireCapableBeanFactory.createBean(AbstractAutowireCapableBeanFactory.java:515)
	at org.springframework.beans.factory.support.AbstractBeanFactory.lambda$doGetBean$0(AbstractBeanFactory.java:320)
	at org.springframework.beans.factory.support.DefaultSingletonBeanRegistry.getSingleton(DefaultSingletonBeanRegistry.java:222)
	at org.springframework.beans.factory.support.AbstractBeanFactory.doGetBean(AbstractBeanFactory.java:318)
	at org.springframework.beans.factory.support.AbstractBeanFactory.getBean(AbstractBeanFactory.java:199)
	at org.springframework.beans.factory.support.DefaultListableBeanFactory.preInstantiateSingletons(DefaultListableBeanFactory.java:845)
	at org.springframework.context.support.AbstractApplicationContext.finishBeanFactoryInitialization(AbstractApplicationContext.java:877)
	at org.springframework.context.support.AbstractApplicationContext.refresh(AbstractApplicationContext.java:549)
	at org.springframework.boot.web.reactive.context.ReactiveWebServerApplicationContext.refresh(ReactiveWebServerApplicationContext.java:66)
	at org.springframework.boot.SpringApplication.refresh(SpringApplication.java:743)
	at org.springframework.boot.SpringApplication.refreshContext(SpringApplication.java:390)
	at org.springframework.boot.SpringApplication.run(SpringApplication.java:312)
	at org.springframework.boot.SpringApplication.run(SpringApplication.java:1214)
	at org.springframework.boot.SpringApplication.run(SpringApplication.java:1203)
	at com.smart4y.cloud.gateway.GatewayApplication.main(GatewayApplication.java:24)
Caused by: org.springframework.beans.BeanInstantiationException: Failed to instantiate [org.springframework.data.redis.connection.lettuce.LettuceConnectionFactory]: Factory method 'redisConnectionFactory' threw exception; nested exception is java.lang.NoClassDefFoundError: org/apache/commons/pool2/impl/GenericObjectPoolConfig
	at org.springframework.beans.factory.support.SimpleInstantiationStrategy.instantiate(SimpleInstantiationStrategy.java:185)
	at org.springframework.beans.factory.support.ConstructorResolver.instantiate(ConstructorResolver.java:622)
	... 19 common frames omitted
Caused by: java.lang.NoClassDefFoundError: org/apache/commons/pool2/impl/GenericObjectPoolConfig
	at org.springframework.data.redis.connection.lettuce.LettucePoolingClientConfiguration$LettucePoolingClientConfigurationBuilder.<init>(LettucePoolingClientConfiguration.java:91)
	at org.springframework.data.redis.connection.lettuce.LettucePoolingClientConfiguration.builder(LettucePoolingClientConfiguration.java:50)
	at org.springframework.boot.autoconfigure.data.redis.LettuceConnectionConfiguration$PoolBuilderFactory.createBuilder(LettuceConnectionConfiguration.java:141)
	at org.springframework.boot.autoconfigure.data.redis.LettuceConnectionConfiguration.createBuilder(LettuceConnectionConfiguration.java:104)
	at org.springframework.boot.autoconfigure.data.redis.LettuceConnectionConfiguration.getLettuceClientConfiguration(LettuceConnectionConfiguration.java:90)
	at org.springframework.boot.autoconfigure.data.redis.LettuceConnectionConfiguration.redisConnectionFactory(LettuceConnectionConfiguration.java:74)
	at org.springframework.boot.autoconfigure.data.redis.LettuceConnectionConfiguration$$EnhancerBySpringCGLIB$$68b5805b.CGLIB$redisConnectionFactory$1(<generated>)
	at org.springframework.boot.autoconfigure.data.redis.LettuceConnectionConfiguration$$EnhancerBySpringCGLIB$$68b5805b$$FastClassBySpringCGLIB$$3d2bdd2e.invoke(<generated>)
	at org.springframework.cglib.proxy.MethodProxy.invokeSuper(MethodProxy.java:244)
	at org.springframework.context.annotation.ConfigurationClassEnhancer$BeanMethodInterceptor.intercept(ConfigurationClassEnhancer.java:363)
	at org.springframework.boot.autoconfigure.data.redis.LettuceConnectionConfiguration$$EnhancerBySpringCGLIB$$68b5805b.redisConnectionFactory(<generated>)
	at sun.reflect.NativeMethodAccessorImpl.invoke0(Native Method)
	at sun.reflect.NativeMethodAccessorImpl.invoke(NativeMethodAccessorImpl.java:62)
	at sun.reflect.DelegatingMethodAccessorImpl.invoke(DelegatingMethodAccessorImpl.java:43)
	at java.lang.reflect.Method.invoke(Method.java:498)
	at org.springframework.beans.factory.support.SimpleInstantiationStrategy.instantiate(SimpleInstantiationStrategy.java:154)
	... 20 common frames omitted
Caused by: java.lang.ClassNotFoundException: org.apache.commons.pool2.impl.GenericObjectPoolConfig
	at java.net.URLClassLoader.findClass(URLClassLoader.java:381)
	at java.lang.ClassLoader.loadClass(ClassLoader.java:424)
	at sun.misc.Launcher$AppClassLoader.loadClass(Launcher.java:331)
	at java.lang.ClassLoader.loadClass(ClassLoader.java:357)
	... 36 common frames omitted
[33m09-05 22:12:09.761[0;39m |[1;31mERROR[0;39m |[34mmain[0;39m |[34mc.s.c.g.i.locator.JdbcRouteDefinitionLocator:235[0;39m |[36m加载动态路由错误:StatementCallback; bad SQL grammar [SELECT * FROM gateway_route WHERE status = 1]; nested exception is java.sql.SQLSyntaxErrorException: Table 'cloud.gateway_route' doesn't exist
[0;39morg.springframework.jdbc.BadSqlGrammarException: StatementCallback; bad SQL grammar [SELECT * FROM gateway_route WHERE status = 1]; nested exception is java.sql.SQLSyntaxErrorException: Table 'cloud.gateway_route' doesn't exist
	at org.springframework.jdbc.support.SQLErrorCodeSQLExceptionTranslator.doTranslate(SQLErrorCodeSQLExceptionTranslator.java:234)
	at org.springframework.jdbc.support.AbstractFallbackSQLExceptionTranslator.translate(AbstractFallbackSQLExceptionTranslator.java:72)
	at org.springframework.jdbc.core.JdbcTemplate.translateException(JdbcTemplate.java:1442)
	at org.springframework.jdbc.core.JdbcTemplate.execute(JdbcTemplate.java:387)
	at org.springframework.jdbc.core.JdbcTemplate.query(JdbcTemplate.java:451)
	at org.springframework.jdbc.core.JdbcTemplate.query(JdbcTemplate.java:461)
	at com.smart4y.cloud.gateway.infrastructure.locator.JdbcRouteDefinitionLocator.loadRoutes(JdbcRouteDefinitionLocator.java:118)
	at com.smart4y.cloud.gateway.infrastructure.locator.JdbcRouteDefinitionLocator.refresh(JdbcRouteDefinitionLocator.java:74)
	at com.smart4y.cloud.gateway.GatewayApplication.run(GatewayApplication.java:43)
	at org.springframework.boot.SpringApplication.callRunner(SpringApplication.java:779)
	at org.springframework.boot.SpringApplication.callRunners(SpringApplication.java:763)
	at org.springframework.boot.SpringApplication.run(SpringApplication.java:318)
	at org.springframework.boot.SpringApplication.run(SpringApplication.java:1213)
	at org.springframework.boot.SpringApplication.run(SpringApplication.java:1202)
	at com.smart4y.cloud.gateway.GatewayApplication.main(GatewayApplication.java:38)
Caused by: java.sql.SQLSyntaxErrorException: Table 'cloud.gateway_route' doesn't exist
	at com.mysql.cj.jdbc.exceptions.SQLError.createSQLException(SQLError.java:120)
	at com.mysql.cj.jdbc.exceptions.SQLError.createSQLException(SQLError.java:97)
	at com.mysql.cj.jdbc.exceptions.SQLExceptionsMapping.translateException(SQLExceptionsMapping.java:122)
	at com.mysql.cj.jdbc.StatementImpl.executeQuery(StatementImpl.java:1218)
	at com.zaxxer.hikari.pool.ProxyStatement.executeQuery(ProxyStatement.java:111)
	at com.zaxxer.hikari.pool.HikariProxyStatement.executeQuery(HikariProxyStatement.java)
	at org.springframework.jdbc.core.JdbcTemplate$1QueryStatementCallback.doInStatement(JdbcTemplate.java:438)
	at org.springframework.jdbc.core.JdbcTemplate.execute(JdbcTemplate.java:375)
	... 11 common frames omitted
[33m09-05 22:12:09.925[0;39m |[1;31mERROR[0;39m |[34mmain[0;39m |[34morg.springframework.boot.SpringApplication:821[0;39m |[36mApplication run failed
[0;39mjava.lang.IllegalStateException: Failed to execute CommandLineRunner
	at org.springframework.boot.SpringApplication.callRunner(SpringApplication.java:782)
	at org.springframework.boot.SpringApplication.callRunners(SpringApplication.java:763)
	at org.springframework.boot.SpringApplication.run(SpringApplication.java:318)
	at org.springframework.boot.SpringApplication.run(SpringApplication.java:1213)
	at org.springframework.boot.SpringApplication.run(SpringApplication.java:1202)
	at com.smart4y.cloud.gateway.GatewayApplication.main(GatewayApplication.java:38)
Caused by: java.lang.NullPointerException: iterable
	at java.util.Objects.requireNonNull(Objects.java:228)
	at reactor.core.publisher.FluxIterable.<init>(FluxIterable.java:43)
	at reactor.core.publisher.FluxIterable.<init>(FluxIterable.java:48)
	at reactor.core.publisher.Flux.fromIterable(Flux.java:974)
	at com.smart4y.cloud.gateway.infrastructure.locator.ResourceLocator.loadAuthorityResources(ResourceLocator.java:171)
	at com.smart4y.cloud.gateway.infrastructure.locator.ResourceLocator.refresh(ResourceLocator.java:107)
	at com.smart4y.cloud.gateway.GatewayApplication.run(GatewayApplication.java:44)
	at org.springframework.boot.SpringApplication.callRunner(SpringApplication.java:779)
	... 5 common frames omitted
[33m09-05 22:23:34.452[0;39m |[1;31mERROR[0;39m |[34mmain[0;39m |[34mc.s.c.g.i.locator.JdbcRouteDefinitionLocator:235[0;39m |[36m加载动态路由错误:StatementCallback; bad SQL grammar [SELECT
        i.policy_id,
        p.limit_quota,
        p.interval_unit,
        p.policy_name,
        a.api_id,
        a.api_code,
        a.api_name,
        a.api_category,
        a.service_id,
        a.path,
        r.url
    FROM
        gateway_rate_limit_api AS i
    INNER JOIN gateway_rate_limit AS p ON i.policy_id = p.policy_id
    INNER JOIN base_api AS a ON i.api_id = a.api_id
    INNER JOIN gateway_route AS r ON a.service_id = r.route_name
    WHERE
        p.policy_type = 'url']; nested exception is java.sql.SQLSyntaxErrorException: Table 'cloud.gateway_rate_limit_api' doesn't exist
[0;39morg.springframework.jdbc.BadSqlGrammarException: StatementCallback; bad SQL grammar [SELECT
        i.policy_id,
        p.limit_quota,
        p.interval_unit,
        p.policy_name,
        a.api_id,
        a.api_code,
        a.api_name,
        a.api_category,
        a.service_id,
        a.path,
        r.url
    FROM
        gateway_rate_limit_api AS i
    INNER JOIN gateway_rate_limit AS p ON i.policy_id = p.policy_id
    INNER JOIN base_api AS a ON i.api_id = a.api_id
    INNER JOIN gateway_route AS r ON a.service_id = r.route_name
    WHERE
        p.policy_type = 'url']; nested exception is java.sql.SQLSyntaxErrorException: Table 'cloud.gateway_rate_limit_api' doesn't exist
	at org.springframework.jdbc.support.SQLErrorCodeSQLExceptionTranslator.doTranslate(SQLErrorCodeSQLExceptionTranslator.java:234)
	at org.springframework.jdbc.support.AbstractFallbackSQLExceptionTranslator.translate(AbstractFallbackSQLExceptionTranslator.java:72)
	at org.springframework.jdbc.core.JdbcTemplate.translateException(JdbcTemplate.java:1442)
	at org.springframework.jdbc.core.JdbcTemplate.execute(JdbcTemplate.java:387)
	at org.springframework.jdbc.core.JdbcTemplate.query(JdbcTemplate.java:451)
	at org.springframework.jdbc.core.JdbcTemplate.query(JdbcTemplate.java:461)
	at com.smart4y.cloud.gateway.infrastructure.locator.JdbcRouteDefinitionLocator.loadRoutes(JdbcRouteDefinitionLocator.java:131)
	at com.smart4y.cloud.gateway.infrastructure.locator.JdbcRouteDefinitionLocator.refresh(JdbcRouteDefinitionLocator.java:74)
	at com.smart4y.cloud.gateway.GatewayApplication.run(GatewayApplication.java:43)
	at org.springframework.boot.SpringApplication.callRunner(SpringApplication.java:779)
	at org.springframework.boot.SpringApplication.callRunners(SpringApplication.java:763)
	at org.springframework.boot.SpringApplication.run(SpringApplication.java:318)
	at org.springframework.boot.SpringApplication.run(SpringApplication.java:1213)
	at org.springframework.boot.SpringApplication.run(SpringApplication.java:1202)
	at com.smart4y.cloud.gateway.GatewayApplication.main(GatewayApplication.java:38)
Caused by: java.sql.SQLSyntaxErrorException: Table 'cloud.gateway_rate_limit_api' doesn't exist
	at com.mysql.cj.jdbc.exceptions.SQLError.createSQLException(SQLError.java:120)
	at com.mysql.cj.jdbc.exceptions.SQLError.createSQLException(SQLError.java:97)
	at com.mysql.cj.jdbc.exceptions.SQLExceptionsMapping.translateException(SQLExceptionsMapping.java:122)
	at com.mysql.cj.jdbc.StatementImpl.executeQuery(StatementImpl.java:1218)
	at com.zaxxer.hikari.pool.ProxyStatement.executeQuery(ProxyStatement.java:111)
	at com.zaxxer.hikari.pool.HikariProxyStatement.executeQuery(HikariProxyStatement.java)
	at org.springframework.jdbc.core.JdbcTemplate$1QueryStatementCallback.doInStatement(JdbcTemplate.java:438)
	at org.springframework.jdbc.core.JdbcTemplate.execute(JdbcTemplate.java:375)
	... 11 common frames omitted
[33m09-05 22:25:58.669[0;39m |[1;31mERROR[0;39m |[34mmain[0;39m |[34mc.s.c.g.i.locator.JdbcRouteDefinitionLocator:235[0;39m |[36m加载动态路由错误:StatementCallback; bad SQL grammar [SELECT
        i.policy_id,
        p.limit_quota,
        p.interval_unit,
        p.policy_name,
        a.api_id,
        a.api_code,
        a.api_name,
        a.api_category,
        a.service_id,
        a.path,
        r.url
    FROM
        gateway_rate_limit_api AS i
    INNER JOIN gateway_rate_limit AS p ON i.policy_id = p.policy_id
    INNER JOIN base_api AS a ON i.api_id = a.api_id
    INNER JOIN gateway_route AS r ON a.service_id = r.route_name
    WHERE
        p.policy_type = 'url']; nested exception is java.sql.SQLSyntaxErrorException: Table 'cloud.base_api' doesn't exist
[0;39morg.springframework.jdbc.BadSqlGrammarException: StatementCallback; bad SQL grammar [SELECT
        i.policy_id,
        p.limit_quota,
        p.interval_unit,
        p.policy_name,
        a.api_id,
        a.api_code,
        a.api_name,
        a.api_category,
        a.service_id,
        a.path,
        r.url
    FROM
        gateway_rate_limit_api AS i
    INNER JOIN gateway_rate_limit AS p ON i.policy_id = p.policy_id
    INNER JOIN base_api AS a ON i.api_id = a.api_id
    INNER JOIN gateway_route AS r ON a.service_id = r.route_name
    WHERE
        p.policy_type = 'url']; nested exception is java.sql.SQLSyntaxErrorException: Table 'cloud.base_api' doesn't exist
	at org.springframework.jdbc.support.SQLErrorCodeSQLExceptionTranslator.doTranslate(SQLErrorCodeSQLExceptionTranslator.java:234)
	at org.springframework.jdbc.support.AbstractFallbackSQLExceptionTranslator.translate(AbstractFallbackSQLExceptionTranslator.java:72)
	at org.springframework.jdbc.core.JdbcTemplate.translateException(JdbcTemplate.java:1442)
	at org.springframework.jdbc.core.JdbcTemplate.execute(JdbcTemplate.java:387)
	at org.springframework.jdbc.core.JdbcTemplate.query(JdbcTemplate.java:451)
	at org.springframework.jdbc.core.JdbcTemplate.query(JdbcTemplate.java:461)
	at com.smart4y.cloud.gateway.infrastructure.locator.JdbcRouteDefinitionLocator.loadRoutes(JdbcRouteDefinitionLocator.java:131)
	at com.smart4y.cloud.gateway.infrastructure.locator.JdbcRouteDefinitionLocator.refresh(JdbcRouteDefinitionLocator.java:74)
	at com.smart4y.cloud.gateway.GatewayApplication.run(GatewayApplication.java:43)
	at org.springframework.boot.SpringApplication.callRunner(SpringApplication.java:779)
	at org.springframework.boot.SpringApplication.callRunners(SpringApplication.java:763)
	at org.springframework.boot.SpringApplication.run(SpringApplication.java:318)
	at org.springframework.boot.SpringApplication.run(SpringApplication.java:1213)
	at org.springframework.boot.SpringApplication.run(SpringApplication.java:1202)
	at com.smart4y.cloud.gateway.GatewayApplication.main(GatewayApplication.java:38)
Caused by: java.sql.SQLSyntaxErrorException: Table 'cloud.base_api' doesn't exist
	at com.mysql.cj.jdbc.exceptions.SQLError.createSQLException(SQLError.java:120)
	at com.mysql.cj.jdbc.exceptions.SQLError.createSQLException(SQLError.java:97)
	at com.mysql.cj.jdbc.exceptions.SQLExceptionsMapping.translateException(SQLExceptionsMapping.java:122)
	at com.mysql.cj.jdbc.StatementImpl.executeQuery(StatementImpl.java:1218)
	at com.zaxxer.hikari.pool.ProxyStatement.executeQuery(ProxyStatement.java:111)
	at com.zaxxer.hikari.pool.HikariProxyStatement.executeQuery(HikariProxyStatement.java)
	at org.springframework.jdbc.core.JdbcTemplate$1QueryStatementCallback.doInStatement(JdbcTemplate.java:438)
	at org.springframework.jdbc.core.JdbcTemplate.execute(JdbcTemplate.java:375)
	... 11 common frames omitted
[33m09-05 22:26:09.919[0;39m |[1;31mERROR[0;39m |[34mmain[0;39m |[34morg.springframework.boot.SpringApplication:821[0;39m |[36mApplication run failed
[0;39mjava.lang.IllegalStateException: Failed to execute CommandLineRunner
	at org.springframework.boot.SpringApplication.callRunner(SpringApplication.java:782)
	at org.springframework.boot.SpringApplication.callRunners(SpringApplication.java:763)
	at org.springframework.boot.SpringApplication.run(SpringApplication.java:318)
	at org.springframework.boot.SpringApplication.run(SpringApplication.java:1213)
	at org.springframework.boot.SpringApplication.run(SpringApplication.java:1202)
	at com.smart4y.cloud.gateway.GatewayApplication.main(GatewayApplication.java:38)
Caused by: java.lang.NullPointerException: iterable
	at java.util.Objects.requireNonNull(Objects.java:228)
	at reactor.core.publisher.FluxIterable.<init>(FluxIterable.java:43)
	at reactor.core.publisher.FluxIterable.<init>(FluxIterable.java:48)
	at reactor.core.publisher.Flux.fromIterable(Flux.java:974)
	at com.smart4y.cloud.gateway.infrastructure.locator.ResourceLocator.loadAuthorityResources(ResourceLocator.java:171)
	at com.smart4y.cloud.gateway.infrastructure.locator.ResourceLocator.refresh(ResourceLocator.java:107)
	at com.smart4y.cloud.gateway.GatewayApplication.run(GatewayApplication.java:44)
	at org.springframework.boot.SpringApplication.callRunner(SpringApplication.java:779)
	... 5 common frames omitted
[33m09-05 22:30:59.651[0;39m |[1;31mERROR[0;39m |[34mmain[0;39m |[34morg.springframework.boot.SpringApplication:821[0;39m |[36mApplication run failed
[0;39mjava.lang.IllegalStateException: Failed to execute CommandLineRunner
	at org.springframework.boot.SpringApplication.callRunner(SpringApplication.java:782)
	at org.springframework.boot.SpringApplication.callRunners(SpringApplication.java:763)
	at org.springframework.boot.SpringApplication.run(SpringApplication.java:318)
	at org.springframework.boot.SpringApplication.run(SpringApplication.java:1213)
	at org.springframework.boot.SpringApplication.run(SpringApplication.java:1202)
	at com.smart4y.cloud.gateway.GatewayApplication.main(GatewayApplication.java:38)
Caused by: java.lang.NullPointerException: iterable
	at java.util.Objects.requireNonNull(Objects.java:228)
	at reactor.core.publisher.FluxIterable.<init>(FluxIterable.java:43)
	at reactor.core.publisher.FluxIterable.<init>(FluxIterable.java:48)
	at reactor.core.publisher.Flux.fromIterable(Flux.java:974)
	at com.smart4y.cloud.gateway.infrastructure.locator.ResourceLocator.loadAuthorityResources(ResourceLocator.java:171)
	at com.smart4y.cloud.gateway.infrastructure.locator.ResourceLocator.refresh(ResourceLocator.java:107)
	at com.smart4y.cloud.gateway.GatewayApplication.run(GatewayApplication.java:44)
	at org.springframework.boot.SpringApplication.callRunner(SpringApplication.java:779)
	... 5 common frames omitted
[33m09-05 22:45:38.929[0;39m |[1;31mERROR[0;39m |[34mreactor-http-nio-3[0;39m |[34mc.s.c.core.exception.OpenGlobalExceptionHandler:231[0;39m |[36m==> error:ResultBody{code=2012, message='认证失败,请重新登录!', path='/api/xxx', data=null, httpStatus=401, extra=null, timestamp=1567694738919} exception: {}
[0;39morg.springframework.security.authentication.AuthenticationCredentialsNotFoundException: Not Authenticated
	at org.springframework.security.web.server.authorization.ExceptionTranslationWebFilter.commenceAuthentication(ExceptionTranslationWebFilter.java:72)
	at org.springframework.security.web.server.authorization.ExceptionTranslationWebFilter.lambda$filter$1(ExceptionTranslationWebFilter.java:44)
	at reactor.core.publisher.Mono.lambda$onErrorResume$25(Mono.java:3142)
	at reactor.core.publisher.FluxOnErrorResume$ResumeSubscriber.onError(FluxOnErrorResume.java:88)
	at reactor.core.publisher.Operators$MultiSubscriptionSubscriber.onError(Operators.java:1748)
	at reactor.core.publisher.MonoFlatMap$FlatMapMain.onError(MonoFlatMap.java:165)
	at reactor.core.publisher.Operators$MultiSubscriptionSubscriber.onError(Operators.java:1748)
	at reactor.core.publisher.Operators.error(Operators.java:181)
	at reactor.core.publisher.MonoError.subscribe(MonoError.java:52)
	at reactor.core.publisher.MonoDefer.subscribe(MonoDefer.java:52)
	at reactor.core.publisher.Mono.subscribe(Mono.java:3848)
	at reactor.core.publisher.FluxSwitchIfEmpty$SwitchIfEmptySubscriber.onComplete(FluxSwitchIfEmpty.java:75)
	at reactor.core.publisher.FluxFilter$FilterSubscriber.onComplete(FluxFilter.java:160)
	at reactor.core.publisher.FluxDefaultIfEmpty$DefaultIfEmptySubscriber.onComplete(FluxDefaultIfEmpty.java:98)
	at reactor.core.publisher.MonoNext$NextSubscriber.onComplete(MonoNext.java:96)
	at reactor.core.publisher.MonoNext$NextSubscriber.onNext(MonoNext.java:77)
	at reactor.core.publisher.FluxConcatMap$ConcatMapImmediate.innerNext(FluxConcatMap.java:275)
	at reactor.core.publisher.FluxConcatMap$ConcatMapInner.onNext(FluxConcatMap.java:849)
	at reactor.core.publisher.Operators$MonoSubscriber.complete(Operators.java:1515)
	at reactor.core.publisher.MonoFlatMap$FlatMapInner.onNext(MonoFlatMap.java:241)
	at reactor.core.publisher.Operators$MonoSubscriber.complete(Operators.java:1515)
	at reactor.core.publisher.FluxDefaultIfEmpty$DefaultIfEmptySubscriber.onComplete(FluxDefaultIfEmpty.java:100)
	at reactor.core.publisher.FluxMapFuseable$MapFuseableSubscriber.onComplete(FluxMapFuseable.java:144)
	at reactor.core.publisher.FluxMapFuseable$MapFuseableSubscriber.onComplete(FluxMapFuseable.java:144)
	at reactor.core.publisher.FluxFilterFuseable$FilterFuseableSubscriber.onComplete(FluxFilterFuseable.java:166)
	at reactor.core.publisher.MonoFlatMap$FlatMapMain.secondComplete(MonoFlatMap.java:189)
	at reactor.core.publisher.MonoFlatMap$FlatMapInner.onComplete(MonoFlatMap.java:260)
	at reactor.core.publisher.MonoFlatMap$FlatMapMain.onNext(MonoFlatMap.java:141)
	at reactor.core.publisher.FluxMap$MapSubscriber.onNext(FluxMap.java:114)
	at reactor.core.publisher.Operators$MonoSubscriber.complete(Operators.java:1515)
	at reactor.core.publisher.MonoProcessor.subscribe(MonoProcessor.java:457)
	at reactor.core.publisher.MonoMap.subscribe(MonoMap.java:55)
	at reactor.core.publisher.MonoFlatMap.subscribe(MonoFlatMap.java:60)
	at reactor.core.publisher.MonoFlatMap$FlatMapMain.onNext(MonoFlatMap.java:150)
	at reactor.core.publisher.FluxFilterFuseable$FilterFuseableSubscriber.onNext(FluxFilterFuseable.java:113)
	at reactor.core.publisher.Operators$ScalarSubscription.request(Operators.java:2071)
	at reactor.core.publisher.FluxFilterFuseable$FilterFuseableSubscriber.request(FluxFilterFuseable.java:185)
	at reactor.core.publisher.MonoFlatMap$FlatMapMain.onSubscribe(MonoFlatMap.java:103)
	at reactor.core.publisher.FluxFilterFuseable$FilterFuseableSubscriber.onSubscribe(FluxFilterFuseable.java:82)
	at reactor.core.publisher.MonoCurrentContext.subscribe(MonoCurrentContext.java:35)
	at reactor.core.publisher.MonoFilterFuseable.subscribe(MonoFilterFuseable.java:47)
	at reactor.core.publisher.MonoFlatMap.subscribe(MonoFlatMap.java:60)
	at reactor.core.publisher.MonoFilterFuseable.subscribe(MonoFilterFuseable.java:47)
	at reactor.core.publisher.MonoMapFuseable.subscribe(MonoMapFuseable.java:59)
	at reactor.core.publisher.MonoMapFuseable.subscribe(MonoMapFuseable.java:59)
	at reactor.core.publisher.MonoDefaultIfEmpty.subscribe(MonoDefaultIfEmpty.java:37)
	at reactor.core.publisher.MonoFlatMap$FlatMapMain.onNext(MonoFlatMap.java:150)
	at reactor.core.publisher.FluxMapFuseable$MapFuseableSubscriber.onNext(FluxMapFuseable.java:121)
	at reactor.core.publisher.FluxFilterFuseable$FilterFuseableSubscriber.onNext(FluxFilterFuseable.java:113)
	at reactor.core.publisher.Operators$ScalarSubscription.request(Operators.java:2071)
	at reactor.core.publisher.FluxFilterFuseable$FilterFuseableSubscriber.request(FluxFilterFuseable.java:185)
	at reactor.core.publisher.FluxMapFuseable$MapFuseableSubscriber.request(FluxMapFuseable.java:162)
	at reactor.core.publisher.MonoFlatMap$FlatMapMain.onSubscribe(MonoFlatMap.java:103)
	at reactor.core.publisher.FluxMapFuseable$MapFuseableSubscriber.onSubscribe(FluxMapFuseable.java:90)
	at reactor.core.publisher.FluxFilterFuseable$FilterFuseableSubscriber.onSubscribe(FluxFilterFuseable.java:82)
	at reactor.core.publisher.MonoJust.subscribe(MonoJust.java:54)
	at reactor.core.publisher.MonoFilterFuseable.subscribe(MonoFilterFuseable.java:47)
	at reactor.core.publisher.MonoMapFuseable.subscribe(MonoMapFuseable.java:59)
	at reactor.core.publisher.MonoFlatMap.subscribe(MonoFlatMap.java:60)
	at reactor.core.publisher.Mono.subscribe(Mono.java:3848)
	at reactor.core.publisher.FluxConcatMap$ConcatMapImmediate.drain(FluxConcatMap.java:442)
	at reactor.core.publisher.FluxConcatMap$ConcatMapImmediate.onSubscribe(FluxConcatMap.java:212)
	at reactor.core.publisher.FluxIterable.subscribe(FluxIterable.java:139)
	at reactor.core.publisher.FluxIterable.subscribe(FluxIterable.java:63)
	at reactor.core.publisher.FluxConcatMap.subscribe(FluxConcatMap.java:121)
	at reactor.core.publisher.MonoNext.subscribe(MonoNext.java:40)
	at reactor.core.publisher.MonoDefaultIfEmpty.subscribe(MonoDefaultIfEmpty.java:37)
	at reactor.core.publisher.MonoFilter.subscribe(MonoFilter.java:46)
	at reactor.core.publisher.MonoSwitchIfEmpty.subscribe(MonoSwitchIfEmpty.java:44)
	at reactor.core.publisher.MonoFlatMap.subscribe(MonoFlatMap.java:60)
	at reactor.core.publisher.MonoSwitchIfEmpty.subscribe(MonoSwitchIfEmpty.java:44)
	at reactor.core.publisher.MonoDefer.subscribe(MonoDefer.java:52)
	at reactor.core.publisher.MonoOnErrorResume.subscribe(MonoOnErrorResume.java:44)
	at reactor.core.publisher.MonoDefer.subscribe(MonoDefer.java:52)
	at reactor.core.publisher.Mono.subscribe(Mono.java:3848)
	at reactor.core.publisher.MonoIgnoreThen$ThenIgnoreMain.drain(MonoIgnoreThen.java:172)
	at reactor.core.publisher.MonoIgnoreThen.subscribe(MonoIgnoreThen.java:56)
	at reactor.core.publisher.Mono.subscribe(Mono.java:3848)
	at reactor.core.publisher.FluxSwitchIfEmpty$SwitchIfEmptySubscriber.onComplete(FluxSwitchIfEmpty.java:75)
	at reactor.core.publisher.FluxFilter$FilterSubscriber.onComplete(FluxFilter.java:160)
	at reactor.core.publisher.FluxSwitchIfEmpty$SwitchIfEmptySubscriber.onComplete(FluxSwitchIfEmpty.java:78)
	at reactor.core.publisher.Operators$ScalarSubscription.request(Operators.java:2073)
	at reactor.core.publisher.Operators$MultiSubscriptionSubscriber.set(Operators.java:1879)
	at reactor.core.publisher.Operators$MultiSubscriptionSubscriber.onSubscribe(Operators.java:1753)
	at reactor.core.publisher.MonoJust.subscribe(MonoJust.java:54)
	at reactor.core.publisher.Mono.subscribe(Mono.java:3848)
	at reactor.core.publisher.FluxSwitchIfEmpty$SwitchIfEmptySubscriber.onComplete(FluxSwitchIfEmpty.java:75)
	at reactor.core.publisher.MonoNext$NextSubscriber.onComplete(MonoNext.java:96)
	at reactor.core.publisher.FluxFilter$FilterSubscriber.onComplete(FluxFilter.java:160)
	at reactor.core.publisher.FluxFlatMap$FlatMapMain.checkTerminated(FluxFlatMap.java:794)
	at reactor.core.publisher.FluxFlatMap$FlatMapMain.drainLoop(FluxFlatMap.java:560)
	at reactor.core.publisher.FluxFlatMap$FlatMapMain.drain(FluxFlatMap.java:540)
	at reactor.core.publisher.FluxFlatMap$FlatMapMain.onComplete(FluxFlatMap.java:426)
	at reactor.core.publisher.FluxIterable$IterableSubscription.slowPath(FluxIterable.java:265)
	at reactor.core.publisher.FluxIterable$IterableSubscription.request(FluxIterable.java:201)
	at reactor.core.publisher.FluxFlatMap$FlatMapMain.onSubscribe(FluxFlatMap.java:335)
	at reactor.core.publisher.FluxIterable.subscribe(FluxIterable.java:139)
	at reactor.core.publisher.FluxIterable.subscribe(FluxIterable.java:63)
	at reactor.core.publisher.FluxFlatMap.subscribe(FluxFlatMap.java:97)
	at reactor.core.publisher.FluxFilter.subscribe(FluxFilter.java:53)
	at reactor.core.publisher.MonoNext.subscribe(MonoNext.java:40)
	at reactor.core.publisher.MonoSwitchIfEmpty.subscribe(MonoSwitchIfEmpty.java:44)
	at reactor.core.publisher.MonoFilter.subscribe(MonoFilter.java:46)
	at reactor.core.publisher.MonoSwitchIfEmpty.subscribe(MonoSwitchIfEmpty.java:44)
	at reactor.core.publisher.MonoMap.subscribe(MonoMap.java:55)
	at reactor.core.publisher.MonoFlatMap.subscribe(MonoFlatMap.java:60)
	at reactor.core.publisher.MonoFlatMap.subscribe(MonoFlatMap.java:60)
	at reactor.core.publisher.MonoDefer.subscribe(MonoDefer.java:52)
	at reactor.core.publisher.MonoFlatMap$FlatMapMain.onNext(MonoFlatMap.java:150)
	at reactor.core.publisher.Operators$MonoSubscriber.complete(Operators.java:1515)
	at reactor.core.publisher.FluxDefaultIfEmpty$DefaultIfEmptySubscriber.onComplete(FluxDefaultIfEmpty.java:100)
	at reactor.core.publisher.FluxMap$MapSubscriber.onComplete(FluxMap.java:136)
	at reactor.core.publisher.FluxMap$MapSubscriber.onComplete(FluxMap.java:136)
	at reactor.core.publisher.FluxFilter$FilterSubscriber.onComplete(FluxFilter.java:160)
	at reactor.core.publisher.FluxMap$MapConditionalSubscriber.onComplete(FluxMap.java:262)
	at reactor.core.publisher.Operators$MonoSubscriber.complete(Operators.java:1516)
	at reactor.core.publisher.MonoProcessor.onNext(MonoProcessor.java:389)
	at reactor.core.publisher.FluxPeek$PeekSubscriber.onNext(FluxPeek.java:192)
	at reactor.core.publisher.FluxSwitchIfEmpty$SwitchIfEmptySubscriber.onNext(FluxSwitchIfEmpty.java:67)
	at reactor.core.publisher.Operators$MonoSubscriber.complete(Operators.java:1515)
	at reactor.core.publisher.MonoSupplier.subscribe(MonoSupplier.java:61)
	at reactor.core.publisher.Mono.subscribe(Mono.java:3848)
	at reactor.core.publisher.FluxSwitchIfEmpty$SwitchIfEmptySubscriber.onComplete(FluxSwitchIfEmpty.java:75)
	at reactor.core.publisher.MonoNext$NextSubscriber.onComplete(MonoNext.java:96)
	at reactor.core.publisher.FluxConcatMap$ConcatMapImmediate.drain(FluxConcatMap.java:360)
	at reactor.core.publisher.FluxConcatMap$ConcatMapImmediate.onComplete(FluxConcatMap.java:269)
	at reactor.core.publisher.Operators.complete(Operators.java:131)
	at reactor.core.publisher.FluxIterable.subscribe(FluxIterable.java:122)
	at reactor.core.publisher.FluxIterable.subscribe(FluxIterable.java:63)
	at reactor.core.publisher.FluxConcatMap.subscribe(FluxConcatMap.java:121)
	at reactor.core.publisher.MonoNext.subscribe(MonoNext.java:40)
	at reactor.core.publisher.MonoSwitchIfEmpty.subscribe(MonoSwitchIfEmpty.java:44)
	at reactor.core.publisher.MonoPeek.subscribe(MonoPeek.java:71)
	at reactor.core.publisher.MonoDefer.subscribe(MonoDefer.java:52)
	at reactor.core.publisher.Mono.subscribe(Mono.java:3848)
	at reactor.core.publisher.MonoProcessor.add(MonoProcessor.java:531)
	at reactor.core.publisher.MonoProcessor.subscribe(MonoProcessor.java:444)
	at reactor.core.publisher.MonoMap.subscribe(MonoMap.java:52)
	at reactor.core.publisher.MonoFilter.subscribe(MonoFilter.java:46)
	at reactor.core.publisher.MonoMap.subscribe(MonoMap.java:55)
	at reactor.core.publisher.MonoMap.subscribe(MonoMap.java:55)
	at reactor.core.publisher.MonoDefaultIfEmpty.subscribe(MonoDefaultIfEmpty.java:37)
	at reactor.core.publisher.MonoFlatMap.subscribe(MonoFlatMap.java:60)
	at reactor.core.publisher.MonoDefer.subscribe(MonoDefer.java:52)
	at reactor.core.publisher.MonoDefer.subscribe(MonoDefer.java:52)
	at reactor.core.publisher.Mono.subscribe(Mono.java:3848)
	at reactor.core.publisher.MonoIgnoreThen$ThenIgnoreMain.drain(MonoIgnoreThen.java:172)
	at reactor.core.publisher.MonoIgnoreThen.subscribe(MonoIgnoreThen.java:56)
	at reactor.core.publisher.MonoDefer.subscribe(MonoDefer.java:52)
	at reactor.core.publisher.Mono.subscribe(Mono.java:3848)
	at reactor.core.publisher.MonoIgnoreThen$ThenIgnoreMain.drain(MonoIgnoreThen.java:172)
	at reactor.core.publisher.MonoIgnoreThen.subscribe(MonoIgnoreThen.java:56)
	at reactor.core.publisher.Mono.subscribe(Mono.java:3848)
	at reactor.core.publisher.FluxSwitchIfEmpty$SwitchIfEmptySubscriber.onComplete(FluxSwitchIfEmpty.java:75)
	at reactor.core.publisher.MonoFlatMap$FlatMapMain.secondComplete(MonoFlatMap.java:189)
	at reactor.core.publisher.MonoFlatMap$FlatMapInner.onComplete(MonoFlatMap.java:260)
	at reactor.core.publisher.FluxMap$MapSubscriber.onComplete(FluxMap.java:136)
	at reactor.core.publisher.Operators.complete(Operators.java:131)
	at reactor.core.publisher.MonoEmpty.subscribe(MonoEmpty.java:45)
	at reactor.core.publisher.MonoMap.subscribe(MonoMap.java:55)
	at reactor.core.publisher.MonoFlatMap$FlatMapMain.onNext(MonoFlatMap.java:150)
	at reactor.core.publisher.FluxFilterFuseable$FilterFuseableSubscriber.onNext(FluxFilterFuseable.java:113)
	at reactor.core.publisher.Operators$ScalarSubscription.request(Operators.java:2071)
	at reactor.core.publisher.FluxFilterFuseable$FilterFuseableSubscriber.request(FluxFilterFuseable.java:185)
	at reactor.core.publisher.MonoFlatMap$FlatMapMain.onSubscribe(MonoFlatMap.java:103)
	at reactor.core.publisher.FluxFilterFuseable$FilterFuseableSubscriber.onSubscribe(FluxFilterFuseable.java:82)
	at reactor.core.publisher.MonoJust.subscribe(MonoJust.java:54)
	at reactor.core.publisher.MonoFilterFuseable.subscribe(MonoFilterFuseable.java:47)
	at reactor.core.publisher.MonoFlatMap.subscribe(MonoFlatMap.java:60)
	at reactor.core.publisher.MonoSwitchIfEmpty.subscribe(MonoSwitchIfEmpty.java:44)
	at reactor.core.publisher.MonoFlatMap.subscribe(MonoFlatMap.java:60)
	at reactor.core.publisher.MonoDefer.subscribe(MonoDefer.java:52)
	at reactor.core.publisher.MonoSubscriberContext.subscribe(MonoSubscriberContext.java:47)
	at reactor.core.publisher.MonoDefer.subscribe(MonoDefer.java:52)
	at reactor.core.publisher.MonoDefer.subscribe(MonoDefer.java:52)
	at reactor.core.publisher.MonoDefer.subscribe(MonoDefer.java:52)
	at reactor.core.publisher.MonoDefer.subscribe(MonoDefer.java:52)
	at reactor.core.publisher.MonoDefer.subscribe(MonoDefer.java:52)
	at reactor.core.publisher.MonoDefer.subscribe(MonoDefer.java:52)
	at reactor.core.publisher.MonoSubscriberContext.subscribe(MonoSubscriberContext.java:47)
	at reactor.core.publisher.MonoDefer.subscribe(MonoDefer.java:52)
	at reactor.core.publisher.MonoDefer.subscribe(MonoDefer.java:52)
	at reactor.core.publisher.MonoFlatMap$FlatMapMain.onNext(MonoFlatMap.java:150)
	at reactor.core.publisher.FluxMapFuseable$MapFuseableSubscriber.onNext(FluxMapFuseable.java:121)
	at reactor.core.publisher.FluxMapFuseable$MapFuseableSubscriber.onNext(FluxMapFuseable.java:121)
	at reactor.core.publisher.Operators$MonoSubscriber.complete(Operators.java:1515)
	at reactor.core.publisher.MonoFlatMap$FlatMapInner.onNext(MonoFlatMap.java:241)
	at reactor.core.publisher.Operators$MonoSubscriber.complete(Operators.java:1515)
	at reactor.core.publisher.MonoCollectList$MonoCollectListSubscriber.onComplete(MonoCollectList.java:121)
	at reactor.core.publisher.FluxIterable$IterableSubscription.fastPath(FluxIterable.java:333)
	at reactor.core.publisher.FluxIterable$IterableSubscription.request(FluxIterable.java:198)
	at reactor.core.publisher.MonoCollectList$MonoCollectListSubscriber.onSubscribe(MonoCollectList.java:72)
	at reactor.core.publisher.FluxIterable.subscribe(FluxIterable.java:139)
	at reactor.core.publisher.FluxIterable.subscribe(FluxIterable.java:63)
	at reactor.core.publisher.MonoCollectList.subscribe(MonoCollectList.java:40)
	at reactor.core.publisher.MonoFlatMap$FlatMapMain.onNext(MonoFlatMap.java:150)
	at reactor.core.publisher.FluxSwitchIfEmpty$SwitchIfEmptySubscriber.onNext(FluxSwitchIfEmpty.java:67)
	at reactor.core.publisher.MonoNext$NextSubscriber.onNext(MonoNext.java:76)
	at reactor.core.publisher.FluxFilterWhen$FluxFilterWhenSubscriber.drain(FluxFilterWhen.java:295)
	at reactor.core.publisher.FluxFilterWhen$FluxFilterWhenSubscriber.onNext(FluxFilterWhen.java:134)
	at reactor.core.publisher.FluxIterable$IterableSubscription.slowPath(FluxIterable.java:243)
	at reactor.core.publisher.FluxIterable$IterableSubscription.request(FluxIterable.java:201)
	at reactor.core.publisher.FluxFilterWhen$FluxFilterWhenSubscriber.onSubscribe(FluxFilterWhen.java:194)
	at reactor.core.publisher.FluxIterable.subscribe(FluxIterable.java:139)
	at reactor.core.publisher.FluxIterable.subscribe(FluxIterable.java:63)
	at reactor.core.publisher.FluxFilterWhen.subscribe(FluxFilterWhen.java:69)
	at reactor.core.publisher.MonoNext.subscribe(MonoNext.java:40)
	at reactor.core.publisher.MonoSwitchIfEmpty.subscribe(MonoSwitchIfEmpty.java:44)
	at reactor.core.publisher.MonoFlatMap.subscribe(MonoFlatMap.java:60)
	at reactor.core.publisher.MonoMapFuseable.subscribe(MonoMapFuseable.java:59)
	at reactor.core.publisher.MonoMapFuseable.subscribe(MonoMapFuseable.java:59)
	at reactor.core.publisher.MonoFlatMap.subscribe(MonoFlatMap.java:60)
	at reactor.core.publisher.MonoDefer.subscribe(MonoDefer.java:52)
	at reactor.core.publisher.MonoPeekTerminal.subscribe(MonoPeekTerminal.java:61)
	at reactor.core.publisher.MonoPeekFuseable.subscribe(MonoPeekFuseable.java:74)
	at reactor.core.publisher.MonoDefer.subscribe(MonoDefer.java:52)
	at reactor.core.publisher.MonoDefer.subscribe(MonoDefer.java:52)
	at reactor.core.publisher.MonoDoFinally.subscribe(MonoDoFinally.java:47)
	at reactor.core.publisher.MonoDefer.subscribe(MonoDefer.java:52)
	at reactor.core.publisher.MonoDefer.subscribe(MonoDefer.java:52)
	at reactor.core.publisher.MonoOnErrorResume.subscribe(MonoOnErrorResume.java:44)
	at reactor.core.publisher.MonoOnErrorResume.subscribe(MonoOnErrorResume.java:44)
	at reactor.core.publisher.MonoPeekTerminal.subscribe(MonoPeekTerminal.java:61)
	at reactor.core.publisher.MonoOnErrorResume.subscribe(MonoOnErrorResume.java:44)
	at reactor.core.publisher.Mono.subscribe(Mono.java:3848)
	at reactor.core.publisher.MonoIgnoreThen$ThenIgnoreMain.drain(MonoIgnoreThen.java:172)
	at reactor.core.publisher.MonoIgnoreThen.subscribe(MonoIgnoreThen.java:56)
	at reactor.core.publisher.MonoPeekFuseable.subscribe(MonoPeekFuseable.java:70)
	at reactor.core.publisher.MonoPeekTerminal.subscribe(MonoPeekTerminal.java:61)
	at reactor.netty.http.server.HttpServerHandle.onStateChange(HttpServerHandle.java:64)
	at reactor.netty.tcp.TcpServerBind$ChildObserver.onStateChange(TcpServerBind.java:226)
	at reactor.netty.http.server.HttpServerOperations.onInboundNext(HttpServerOperations.java:442)
	at reactor.netty.channel.ChannelOperationsHandler.channelRead(ChannelOperationsHandler.java:91)
	at io.netty.channel.AbstractChannelHandlerContext.invokeChannelRead(AbstractChannelHandlerContext.java:374)
	at io.netty.channel.AbstractChannelHandlerContext.invokeChannelRead(AbstractChannelHandlerContext.java:360)
	at io.netty.channel.AbstractChannelHandlerContext.fireChannelRead(AbstractChannelHandlerContext.java:352)
	at reactor.netty.http.server.HttpTrafficHandler.channelRead(HttpTrafficHandler.java:161)
	at io.netty.channel.AbstractChannelHandlerContext.invokeChannelRead(AbstractChannelHandlerContext.java:374)
	at io.netty.channel.AbstractChannelHandlerContext.invokeChannelRead(AbstractChannelHandlerContext.java:360)
	at io.netty.channel.AbstractChannelHandlerContext.fireChannelRead(AbstractChannelHandlerContext.java:352)
	at io.netty.channel.CombinedChannelDuplexHandler$DelegatingChannelHandlerContext.fireChannelRead(CombinedChannelDuplexHandler.java:438)
	at io.netty.handler.codec.ByteToMessageDecoder.fireChannelRead(ByteToMessageDecoder.java:323)
	at io.netty.handler.codec.ByteToMessageDecoder.channelRead(ByteToMessageDecoder.java:297)
	at io.netty.channel.CombinedChannelDuplexHandler.channelRead(CombinedChannelDuplexHandler.java:253)
	at io.netty.channel.AbstractChannelHandlerContext.invokeChannelRead(AbstractChannelHandlerContext.java:374)
	at io.netty.channel.AbstractChannelHandlerContext.invokeChannelRead(AbstractChannelHandlerContext.java:360)
	at io.netty.channel.AbstractChannelHandlerContext.fireChannelRead(AbstractChannelHandlerContext.java:352)
	at io.netty.channel.DefaultChannelPipeline$HeadContext.channelRead(DefaultChannelPipeline.java:1408)
	at io.netty.channel.AbstractChannelHandlerContext.invokeChannelRead(AbstractChannelHandlerContext.java:374)
	at io.netty.channel.AbstractChannelHandlerContext.invokeChannelRead(AbstractChannelHandlerContext.java:360)
	at io.netty.channel.DefaultChannelPipeline.fireChannelRead(DefaultChannelPipeline.java:930)
	at io.netty.channel.nio.AbstractNioByteChannel$NioByteUnsafe.read(AbstractNioByteChannel.java:163)
	at io.netty.channel.nio.NioEventLoop.processSelectedKey(NioEventLoop.java:682)
	at io.netty.channel.nio.NioEventLoop.processSelectedKeysOptimized(NioEventLoop.java:617)
	at io.netty.channel.nio.NioEventLoop.processSelectedKeys(NioEventLoop.java:534)
	at io.netty.channel.nio.NioEventLoop.run(NioEventLoop.java:496)
	at io.netty.util.concurrent.SingleThreadEventExecutor$5.run(SingleThreadEventExecutor.java:906)
	at io.netty.util.internal.ThreadExecutorMap$2.run(ThreadExecutorMap.java:74)
	at java.lang.Thread.run(Thread.java:745)
Caused by: org.springframework.security.access.AccessDeniedException: Access Denied
	at org.springframework.security.authorization.ReactiveAuthorizationManager.lambda$verify$1(ReactiveAuthorizationManager.java:53)
	at reactor.core.publisher.MonoDefer.subscribe(MonoDefer.java:44)
	... 249 common frames omitted
[33m09-05 22:46:11.048[0;39m |[1;31mERROR[0;39m |[34mreactor-http-nio-1[0;39m |[34mc.s.c.g.i.exception.JsonExceptionHandler:102[0;39m |[36m==> 错误解析:ResultBody{code=5003, message='服务暂时无法访问！', path='/base/v2/api-docs', data=null, httpStatus=503, extra=null, timestamp=1567694771048}
[0;39m